<?xml version="1.0" encoding="UTF-8"?>
<testng-results ignored="0" total="1" passed="1" failed="0" skipped="0">
  <reporter-output>
  </reporter-output>
  <suite started-at="2024-09-30T11:40:54 IST" name="Suite" finished-at="2024-09-30T11:41:08 IST" duration-ms="13213">
    <groups>
    </groups>
    <test started-at="2024-09-30T11:40:54 IST" name="Test" finished-at="2024-09-30T11:41:08 IST" duration-ms="13213">
      <class name="tests.FormDemo">
        <test-method is-config="true" signature="beforeTestMethod()[pri:0, instance:tests.FormDemo@7f3b84b8]" started-at="2024-09-30T11:40:54 IST" name="beforeTestMethod" finished-at="2024-09-30T11:40:55 IST" duration-ms="145" status="PASS">
          <reporter-output>
          </reporter-output>
        </test-method> <!-- beforeTestMethod -->
        <test-method is-config="true" signature="beforeMethodMethod(java.lang.String)[pri:0, instance:tests.FormDemo@7f3b84b8]" started-at="2024-09-30T11:40:55 IST" name="beforeMethodMethod" finished-at="2024-09-30T11:41:05 IST" duration-ms="9895" status="PASS">
          <params>
            <param index="0">
              <value>
                <![CDATA[firefox]]>
              </value>
            </param>
          </params>
          <reporter-output>
          </reporter-output>
        </test-method> <!-- beforeMethodMethod -->
        <test-method signature="verifyInputForm()[pri:0, instance:tests.FormDemo@7f3b84b8]" started-at="2024-09-30T11:41:05 IST" name="verifyInputForm" finished-at="2024-09-30T11:41:07 IST" duration-ms="2472" status="PASS">
          <reporter-output>
          </reporter-output>
        </test-method> <!-- verifyInputForm -->
        <test-method is-config="true" signature="afterMethodMethod(org.testng.ITestResult)[pri:0, instance:tests.FormDemo@7f3b84b8]" started-at="2024-09-30T11:41:07 IST" name="afterMethodMethod" finished-at="2024-09-30T11:41:08 IST" duration-ms="536" status="PASS">
          <params>
            <param index="0">
              <value>
                <![CDATA[[TestResult name=verifyInputForm status=SUCCESS method=FormDemo.verifyInputForm()[pri:0, instance:tests.FormDemo@7f3b84b8] output={null}]]]>
              </value>
            </param>
          </params>
          <reporter-output>
          </reporter-output>
        </test-method> <!-- afterMethodMethod -->
        <test-method is-config="true" signature="afterTestMethod()[pri:0, instance:tests.FormDemo@7f3b84b8]" started-at="2024-09-30T11:41:08 IST" name="afterTestMethod" finished-at="2024-09-30T11:41:08 IST" duration-ms="0" status="PASS">
          <reporter-output>
          </reporter-output>
        </test-method> <!-- afterTestMethod -->
      </class> <!-- tests.FormDemo -->
    </test> <!-- Test -->
  </suite> <!-- Suite -->
</testng-results>
